c:\users\administrator\documents\github\cpp_bili\debug\vc142.pdb
c:\users\administrator\documents\github\cpp_bili\debug\vc142.idb
c:\users\administrator\documents\github\cpp_bili\debug\employee.obj
c:\users\administrator\documents\github\cpp_bili\debug\boss.obj
c:\users\administrator\documents\github\cpp_bili\debug\08菱形继承.obj
c:\users\administrator\documents\github\cpp_bili\debug\07多继承语法.obj
c:\users\administrator\documents\github\cpp_bili\debug\06继承同名静态成员方法.obj
c:\users\administrator\documents\github\cpp_bili\debug\06案例-电脑组装.obj
c:\users\administrator\documents\github\cpp_bili\debug\06函数调用运算符重载.obj
c:\users\administrator\documents\github\cpp_bili\debug\05虚析构和纯虚析构.obj
c:\users\administrator\documents\github\cpp_bili\debug\05关系运算符重载.obj
c:\users\administrator\documents\github\cpp_bili\debug\04赋值运算符重载.obj
c:\users\administrator\documents\github\cpp_bili\debug\04继承中构造和析构顺序.obj
c:\users\administrator\documents\github\cpp_bili\debug\04多态案例-制作饮品.obj
c:\users\administrator\documents\github\cpp_bili\debug\03继承中的对象模型.obj
c:\users\administrator\documents\github\cpp_bili\debug\03二进制读写文件.obj
c:\users\administrator\documents\github\cpp_bili\debug\02读文本文件.obj
c:\users\administrator\documents\github\cpp_bili\debug\02继承方式.obj
c:\users\administrator\documents\github\cpp_bili\debug\02左移运算符重载.obj
c:\users\administrator\documents\github\cpp_bili\debug\01运算符重载之加法.obj
c:\users\administrator\documents\github\cpp_bili\debug\01多态基础.obj
c:\users\administrator\documents\github\cpp_bili\debug\01写文本文件.obj
c:\users\administrator\documents\github\cpp_bili\debug\职工管理系统.obj
c:\users\administrator\documents\github\cpp_bili\debug\03纯虚函数和抽象类.obj
c:\users\administrator\documents\github\cpp_bili\debug\05继承中同名成员处理方式.obj
c:\users\administrator\documents\github\cpp_bili\debug\03递增运算符重载.obj
c:\users\administrator\documents\github\cpp_bili\debug\类做友元.obj
c:\users\administrator\documents\github\cpp_bili\debug\空指针调用成员函数.obj
c:\users\administrator\documents\github\cpp_bili\debug\浅拷贝和深拷贝.obj
c:\users\administrator\documents\github\cpp_bili\debug\构造函数和析构函数.obj
c:\users\administrator\documents\github\cpp_bili\debug\拷贝构造函数调用时机.obj
c:\users\administrator\documents\github\cpp_bili\debug\成员函数做友元.obj
c:\users\administrator\documents\github\cpp_bili\debug\常对象和常函数.obj
c:\users\administrator\documents\github\cpp_bili\debug\02多态及普通方法实现计算机.obj
c:\users\administrator\documents\github\cpp_bili\debug\01基本语法.obj
c:\users\administrator\documents\github\cpp_bili\debug\友元函数.obj
c:\users\administrator\documents\github\cpp_bili\debug\this指针.obj
c:\users\administrator\documents\github\cpp_bili\debug\meneger.obj
c:\users\administrator\documents\github\cpp_bili\debug\bilibili.tlog\cl.command.1.tlog
c:\users\administrator\documents\github\cpp_bili\debug\bilibili.tlog\cl.read.1.tlog
c:\users\administrator\documents\github\cpp_bili\debug\bilibili.tlog\cl.write.1.tlog
